赞同了回答	三国时期的陈登在谋士之列中是否属于比较强的？	http://www.zhihu.com/question/23384501/answer/24422686
赞同了回答	如果和庄子辩论「子非鱼」的是诸葛孔明，会发生什么？	/question/37365778/answer/72011137
赞同了回答	网络上有哪些免费的教育资源？	http://www.zhihu.com/question/19942068/answer/68750999
赞同了回答	Google 发布了程序员养成指南，国内互联网巨头是否也有类似的指南和课程推荐？	http://www.zhihu.com/question/26594660/answer/33356079
赞同了回答	PC上最好的MOBI阅读器是什么？	http://www.zhihu.com/question/20253042/answer/76868852
关注了问题	在知乎上钓到最大的鱼是怎么样的?	/question/37873304
赞同了回答	dota中哪个英雄是马克思主义者？	http://www.zhihu.com/question/38335466/answer/75985886
赞同了回答	2015 年你心目中的十大佳片有哪些？	http://www.zhihu.com/question/37885340/answer/78782589
赞同了回答	在眼镜被发明之前，眼镜蛇叫什么？	http://www.zhihu.com/question/19801033/answer/58577938
赞同了回答	有哪些好看的高智商悬疑电影？	http://www.zhihu.com/question/35811067/answer/66508638
回答了问题	如何看待香港球迷举「香港不是中国」标语？	/question/37601531/answer/73579364
赞同了回答	东北方言中“头型儿”是什么意思？	/question/37752794/answer/73844940
赞同了回答	有哪些能提高生活品质的理财小技巧？	http://www.zhihu.com/question/38814806/answer/78673979
赞同了回答	什么才是食物链顶端的游戏？	http://www.zhihu.com/question/37801073/answer/73896715
赞同了回答	什么才是食物链顶端的游戏？	/question/37801073/answer/73896715
赞同了回答	有哪些好看的文艺片？	/question/30352732/answer/61798215
赞同了回答	如何长时间高效学习？	http://www.zhihu.com/question/28358499/answer/73162464
赞同了回答	如何评价那些「被严重低估」的游戏？	http://www.zhihu.com/question/37651112/answer/73196355
赞同了回答	有哪些 2015 年出版的内容质量较高的畅销书籍值得推荐？	http://www.zhihu.com/question/38807674/answer/79345863
赞同了回答	电影《Warcraft》上映之后的票房会如何？	http://www.zhihu.com/question/36071731/answer/66042663
赞同了回答	黑五的到来，让我有了购买国外商品的冲动了，去哪里买合适？	http://www.zhihu.com/question/26727621/answer/34097805
赞同了回答	有哪些适合居住一周的旅游小镇？	http://www.zhihu.com/question/30744932/answer/78796298
赞同了回答	你最喜欢的一个故事是什么？	http://www.zhihu.com/question/27726057/answer/42968742
赞同了回答	东北方言中“头型儿”是什么意思？	http://www.zhihu.com/question/37752794/answer/73844940
回答了问题	如何看待香港球迷举「香港不是中国」标语？	http://www.zhihu.com/question/37601531/answer/73579364
关注了问题	张量 (tensor) 是什么？	http://www.zhihu.com/question/20695804
赞同了回答	你写论文时发现了哪些神网站？	http://www.zhihu.com/question/35931336/answer/71654690
赞同了	我的极简主义（双十一扫货的看进来）	http://zhuanlan.zhihu.com/Ace1987/20296845
赞同了回答	电影《Warcraft》上映之后的票房会如何？	/question/36071731/answer/71571260
赞同了回答	网络上有哪些免费的教育资源？	/question/19942068/answer/68750999
赞同了回答	如何得到 Google 的工作机会？	http://www.zhihu.com/question/24099873/answer/26711652
关注了问题	你觉得最好吃的下酒菜是什么？	http://www.zhihu.com/question/31695876
赞同了回答	如何评价 iPad Air 2？	http://www.zhihu.com/question/26065476/answer/31985248
关注了问题	2015 年，出现了哪些值得一看的经济学书籍？	http://www.zhihu.com/question/38339470
赞同了回答	适合六人室友一起玩的桌游除了飞行棋还有哪些值得推荐？	http://www.zhihu.com/question/33968827/answer/76171491
赞同了回答	电影《Warcraft》上映之后的票房会如何？	/question/36071731/answer/66042663
赞同了回答	如何评价Google发布的第二代深度学习系统TensorFlow?	/question/37243838/answer/71551335
赞同了回答	如何看待“大部分程序员只会写三年代码”的说法?	http://www.zhihu.com/question/36817046/answer/69218785
赞同了回答	比一个人吃火锅更寂寞的事有什么？	http://www.zhihu.com/question/26441300/answer/72422449
赞同了回答	学习一门新的编程语言有什么推荐的轮子可以拿来练手的？	http://www.zhihu.com/question/39094923/answer/80049425
赞同了	那时候我还不明白。	http://zhuanlan.zhihu.com/my-little-airplane/20380706
赞同了回答	和喜欢的人提分手是一种什么体验？	http://www.zhihu.com/question/38127265/answer/75007503
赞同了回答	高频交易犯法吗？	http://www.zhihu.com/question/37088655/answer/70467479
赞同了回答	开地铁是不是一个很有意思的职业？	http://www.zhihu.com/question/35603126/answer/64799643
赞同了	不知道怎么开发VR游戏？Unity5.3官方VR教程重磅登场-系列1买买买	http://zhuanlan.zhihu.com/kidscoding/20403107
赞同了回答	如果和庄子辩论「子非鱼」的是诸葛孔明，会发生什么？	http://www.zhihu.com/question/37365778/answer/72011137
赞同了回答	如何看待 ISIS 宣传片：向 60 个国家和地区宣战？	http://www.zhihu.com/question/37873758/answer/73947342
赞同了回答	如何评价 iPad Air 2？	http://www.zhihu.com/question/26065476/answer/32308111
关注了收藏夹		http://www.zhihu.com
赞同了回答	如何看待 ISIS 宣传片：向 60 个国家和地区宣战？	http://www.zhihu.com/question/37873758/answer/73963240
关注了问题	在知乎上钓到最大的鱼是怎么样的?	http://www.zhihu.com/question/37873304
赞同了回答	高频交易都有哪些著名的算法？	http://www.zhihu.com/question/23667442/answer/28965906
赞同了回答	你们家装修是什么样子的，总共花费是多少？	http://www.zhihu.com/question/35634268/answer/67013395
赞同了回答	比一个人吃火锅更寂寞的事有什么？	/question/26441300/answer/72422449
赞同了	是时候读书了，2016年书单推荐	http://zhuanlan.zhihu.com/Ace1987/20448603
赞同了回答	你最喜欢的一个故事是什么？	http://www.zhihu.com/question/27726057/answer/69398384
赞同了	为什么崔永元是一种恶	http://zhuanlan.zhihu.com/yuanxia/20378498
赞同了回答	如何长时间高效学习？	http://www.zhihu.com/question/28358499/answer/43002343
赞同了回答	有哪些好看的文艺片？	http://www.zhihu.com/question/30352732/answer/61798215
赞同了	那些相见恨晚的WORD技能（11.10更新）	http://zhuanlan.zhihu.com/cpaer/20301089
赞同了回答	如何用 Python 中的 NLTK 对中文进行分析和处理？	http://www.zhihu.com/question/20922994/answer/19975309
赞同了回答	有什么知识，你知道后你的世界马上就不一样了？	http://www.zhihu.com/question/38632401/answer/78174299
