你写论文时发现了哪些神网站？	http://www.zhihu.com/question/35931336/answer/71654690
为什么说俄罗斯是战斗民族？	http://www.zhihu.com/question/21567651/answer/59184431
如何长时间高效学习？	http://www.zhihu.com/question/28358499/answer/73162464
二十多岁，看到过去的同学纷纷结婚，自己越来越焦虑应该怎么办？	http://www.zhihu.com/question/37138644/answer/72139523
有哪些非常好看、质量上乘，但在国内缺乏关注的美剧？	http://www.zhihu.com/question/28882548/answer/42426812
如何避免化的妆很脏？	http://www.zhihu.com/question/27447181/answer/36698302
有哪些第一眼就征服了你的句子？	http://www.zhihu.com/question/28740834/answer/63934151
网络上有哪些免费的教育资源？	http://www.zhihu.com/question/19942068/answer/68750999
如何得到 Google 的工作机会？	http://www.zhihu.com/question/24099873/answer/26711652
如何看待土耳其再次撤销与中国红旗9导弹订单？	http://www.zhihu.com/question/37535117/answer/72616108
单身职场人士如何利用晚上八点到十点这段时间自我提高？	http://www.zhihu.com/question/26613082/answer/43009743
如何处理减肥过程中的阶段性暴食？	http://www.zhihu.com/question/24139343/answer/69640092
上海哪里有好吃正宗不算贵的日本料理？	http://www.zhihu.com/question/20128992/answer/35733453
有哪些网购能买到的冷门却有趣的东西？	http://www.zhihu.com/question/26462748/answer/61855156
有哪些适合居住一周的旅游小镇？	http://www.zhihu.com/question/30744932/answer/78796298
Google 发布了程序员养成指南，国内互联网巨头是否也有类似的指南和课程推荐？	http://www.zhihu.com/question/26594660/answer/33356079
学语言就是学思维。怎么理解，怎么学？	http://www.zhihu.com/question/31890576/answer/53807630
黑五的到来，让我有了购买国外商品的冲动了，去哪里买合适？	http://www.zhihu.com/question/26727621/answer/34097805
有哪些有趣的小家具？	http://www.zhihu.com/question/29265697/answer/44977177
长大以后，你悟出过哪些不一样的道理？	http://www.zhihu.com/question/29064753/answer/51982614
在游泳运动中经常提到的水性是什么？如何练习？	http://www.zhihu.com/question/31848914/answer/53778182
